c:\users\viraj\source\repos\dius21\learning-c\x64\debug\vc143.pdb
c:\users\viraj\source\repos\dius21\learning-c\x64\debug\vc143.idb
c:\users\viraj\source\repos\dius21\learning-c\x64\debug\main.obj
c:\users\viraj\source\repos\dius21\learning-c\x64\debug\cmakeccompilerid.obj
c:\users\viraj\source\repos\dius21\learning-c\x64\debug\c program1(aka my_app_1).obj
c:\users\viraj\source\repos\dius21\learning-c\x64\debug\cmakecxxcompilerid.obj
c:\users\viraj\source\repos\dius21\learning-c\x64\debug\c program 2.obj
c:\users\viraj\source\repos\dius21\learning-c\x64\debug\manifest.res
c:\users\viraj\source\repos\dius21\learning-c\x64\debug\learning-c project file.pdb
c:\users\viraj\source\repos\dius21\learning-c\x64\debug\learning.ac19e2f7.tlog\cl.command.1.tlog
c:\users\viraj\source\repos\dius21\learning-c\x64\debug\learning.ac19e2f7.tlog\cl.read.1.tlog
c:\users\viraj\source\repos\dius21\learning-c\x64\debug\learning.ac19e2f7.tlog\cl.write.1.tlog
c:\users\viraj\source\repos\dius21\learning-c\x64\debug\learning.ac19e2f7.tlog\link-cvtres.read.1.tlog
c:\users\viraj\source\repos\dius21\learning-c\x64\debug\learning.ac19e2f7.tlog\link-mt.read.1.tlog
c:\users\viraj\source\repos\dius21\learning-c\x64\debug\learning.ac19e2f7.tlog\link-mt.write.1.tlog
c:\users\viraj\source\repos\dius21\learning-c\x64\debug\learning.ac19e2f7.tlog\link-rc.read.1.tlog
c:\users\viraj\source\repos\dius21\learning-c\x64\debug\learning.ac19e2f7.tlog\link-rc.write.1.tlog
c:\users\viraj\source\repos\dius21\learning-c\x64\debug\learning.ac19e2f7.tlog\link.command.1.tlog
c:\users\viraj\source\repos\dius21\learning-c\x64\debug\learning.ac19e2f7.tlog\link.read.1.tlog
c:\users\viraj\source\repos\dius21\learning-c\x64\debug\learning.ac19e2f7.tlog\link.read.2.tlog
c:\users\viraj\source\repos\dius21\learning-c\x64\debug\learning.ac19e2f7.tlog\link.write.1.tlog
c:\users\viraj\source\repos\dius21\learning-c\x64\debug\learning.ac19e2f7.tlog\rc.command.1.tlog
c:\users\viraj\source\repos\dius21\learning-c\x64\debug\learning.ac19e2f7.tlog\rc.read.1.tlog
c:\users\viraj\source\repos\dius21\learning-c\x64\debug\learning.ac19e2f7.tlog\rc.write.1.tlog
